<?xml version="1.0" encoding="UTF-8"?>
<testng-results ignored="0" total="2" passed="2" failed="0" skipped="0">
  <reporter-output>
  </reporter-output>
  <suite started-at="2022-11-16T21:00:26 IST" name="Suite" finished-at="2022-11-16T21:00:26 IST" duration-ms="122">
    <groups>
    </groups>
    <test started-at="2022-11-16T21:00:26 IST" name="Test" finished-at="2022-11-16T21:00:26 IST" duration-ms="122">
      <class name="TestClasses.TestClass2">
        <test-method is-config="true" signature="beforeclass()[pri:0, instance:TestClasses.TestClass2@614ca7df]" started-at="2022-11-16T21:00:26 IST" name="beforeclass" finished-at="2022-11-16T21:00:26 IST" duration-ms="10" status="PASS">
          <reporter-output>
          </reporter-output>
        </test-method> <!-- beforeclass -->
        <test-method is-config="true" signature="beforemethod()[pri:0, instance:TestClasses.TestClass2@614ca7df]" started-at="2022-11-16T21:00:26 IST" name="beforemethod" finished-at="2022-11-16T21:00:26 IST" duration-ms="1" status="PASS">
          <reporter-output>
          </reporter-output>
        </test-method> <!-- beforemethod -->
        <test-method signature="test1()[pri:0, instance:TestClasses.TestClass2@614ca7df]" started-at="2022-11-16T21:00:26 IST" name="test1" finished-at="2022-11-16T21:00:26 IST" duration-ms="15" status="PASS">
          <reporter-output>
          </reporter-output>
        </test-method> <!-- test1 -->
        <test-method is-config="true" signature="aftermethod()[pri:0, instance:TestClasses.TestClass2@614ca7df]" started-at="2022-11-16T21:00:26 IST" name="aftermethod" finished-at="2022-11-16T21:00:26 IST" duration-ms="0" status="PASS">
          <reporter-output>
          </reporter-output>
        </test-method> <!-- aftermethod -->
        <test-method is-config="true" signature="beforemethod()[pri:0, instance:TestClasses.TestClass2@614ca7df]" started-at="2022-11-16T21:00:26 IST" name="beforemethod" finished-at="2022-11-16T21:00:26 IST" duration-ms="4" status="PASS">
          <reporter-output>
          </reporter-output>
        </test-method> <!-- beforemethod -->
        <test-method signature="test2()[pri:0, instance:TestClasses.TestClass2@614ca7df]" started-at="2022-11-16T21:00:26 IST" name="test2" finished-at="2022-11-16T21:00:26 IST" duration-ms="3" status="PASS">
          <reporter-output>
          </reporter-output>
        </test-method> <!-- test2 -->
        <test-method is-config="true" signature="aftermethod()[pri:0, instance:TestClasses.TestClass2@614ca7df]" started-at="2022-11-16T21:00:26 IST" name="aftermethod" finished-at="2022-11-16T21:00:26 IST" duration-ms="0" status="PASS">
          <reporter-output>
          </reporter-output>
        </test-method> <!-- aftermethod -->
        <test-method is-config="true" signature="afterclass()[pri:0, instance:TestClasses.TestClass2@614ca7df]" started-at="2022-11-16T21:00:26 IST" name="afterclass" finished-at="2022-11-16T21:00:26 IST" duration-ms="1" status="PASS">
          <reporter-output>
          </reporter-output>
        </test-method> <!-- afterclass -->
      </class> <!-- TestClasses.TestClass2 -->
    </test> <!-- Test -->
  </suite> <!-- Suite -->
</testng-results>
